[debug] [2018-05-31T19:24:48.251Z] ----------------------------------------------------------------------
[debug] [2018-05-31T19:24:48.253Z] Command:       C:\Program Files\nodejs\node.exe C:\Users\cifue\AppData\Roaming\npm\node_modules\firebase-tools\bin\firebase serve
[debug] [2018-05-31T19:24:48.253Z] CLI Version:   3.18.5
[debug] [2018-05-31T19:24:48.253Z] Platform:      win32
[debug] [2018-05-31T19:24:48.253Z] Node Version:  v8.11.2
[debug] [2018-05-31T19:24:48.254Z] Time:          Thu May 31 2018 13:24:48 GMT-0600 (Hora estándar, América Central)
[debug] [2018-05-31T19:24:48.254Z] ----------------------------------------------------------------------
[debug] 
[debug] [2018-05-31T19:24:48.271Z] > command requires scopes: ["email","openid","https://www.googleapis.com/auth/cloudplatformprojects.readonly","https://www.googleapis.com/auth/firebase","https://www.googleapis.com/auth/cloud-platform"]
[debug] [2018-05-31T19:24:48.271Z] > authorizing via signed-in user
[debug] [2018-05-31T19:24:48.273Z] > refreshing access token with scopes: ["email","https://www.googleapis.com/auth/cloud-platform","https://www.googleapis.com/auth/cloudplatformprojects.readonly","https://www.googleapis.com/auth/firebase","openid"]
[debug] [2018-05-31T19:24:48.274Z] >>> HTTP REQUEST POST https://www.googleapis.com/oauth2/v3/token  
 { refresh_token: '1/kL4p_NG_ecBju7G-tR05DznJa1R1LSHxPtPp_OtlmP8tUJ6ilYI-7TpMTVZbOosO',
  client_id: '563584335869-fgrhgmd47bqnekij5i8b5pr03ho849e6.apps.googleusercontent.com',
  client_secret: 'j9iVZfS8kkCEFUPaAeJV0sAi',
  grant_type: 'refresh_token',
  scope: 'email https://www.googleapis.com/auth/cloud-platform https://www.googleapis.com/auth/cloudplatformprojects.readonly https://www.googleapis.com/auth/firebase openid' } 
 Thu May 31 2018 13:24:48 GMT-0600 (Hora estándar, América Central)
[debug] [2018-05-31T19:24:48.629Z] <<< HTTP RESPONSE 200
[debug] [2018-05-31T19:24:48.658Z] >>> HTTP REQUEST GET https://admin.firebase.com/v1/projects/alzargt  
  
 Thu May 31 2018 13:24:48 GMT-0600 (Hora estándar, América Central)
[debug] [2018-05-31T19:24:49.316Z] <<< HTTP RESPONSE 200
[debug] [2018-05-31T19:24:49.317Z] >>> HTTP REQUEST GET https://admin.firebase.com/v1/database/alzargt/tokens  
  
 Thu May 31 2018 13:24:49 GMT-0600 (Hora estándar, América Central)
[debug] [2018-05-31T19:24:49.828Z] <<< HTTP RESPONSE 200
[debug] [2018-05-31T19:24:49.830Z] >>> HTTP REQUEST GET https://cloudresourcemanager.googleapis.com/v1/projects/alzargt  
  
 Thu May 31 2018 13:24:49 GMT-0600 (Hora estándar, América Central)
[debug] [2018-05-31T19:24:50.703Z] <<< HTTP RESPONSE 200
[info] 
[info] === Serving from 'C:\Users\cifue\Documents\AlzarAdmin'...
[info] 
[info] i  functions: Preparing to emulate functions.
[debug] [2018-05-31T19:24:52.532Z] Fetching environment
[debug] [2018-05-31T19:24:52.535Z] >>> HTTP REQUEST GET https://mobilesdk-pa.googleapis.com/v1/projects/105762378399:getServerAppConfig  
  
 Thu May 31 2018 13:24:52 GMT-0600 (Hora estándar, América Central)
[debug] [2018-05-31T19:24:52.536Z] >>> HTTP REQUEST GET https://mobilesdk-pa.googleapis.com/v1/projects/105762378399/clients/_:getWebAppConfig  
  
 Thu May 31 2018 13:24:52 GMT-0600 (Hora estándar, América Central)
[debug] [2018-05-31T19:24:53.052Z] <<< HTTP RESPONSE 200
[info] i  hosting: Serving hosting files from: public
[info] +  hosting: Local server: http://localhost:5000

[debug] [2018-05-31T19:24:53.172Z] <<< HTTP RESPONSE 200
[debug] [2018-05-31T19:24:53.173Z] Starting @google-cloud/functions-emulator
[debug] [2018-05-31T19:24:56.470Z] Parsing function triggers
[info] i  functions: No HTTPS functions found. Use firebase functions:shell if you would like to emulate other types of functions.
[info] i  functions: No HTTPS functions found. Use firebase functions:shell if you would like to emulate other types of functions.
[info] i  functions: No HTTPS functions found. Use firebase functions:shell if you would like to emulate other types of functions.
[info] i  functions: No HTTPS functions found. Use firebase functions:shell if you would like to emulate other types of functions.
[info] +  functions: enviarCorreo: http://localhost:5001/alzargt/us-central1/enviarCorreo
[info] +  functions: enviarPush: http://localhost:5001/alzargt/us-central1/enviarPush
[info] +  functions: cambiarContrasena: http://localhost:5001/alzargt/us-central1/cambiarContrasena
[info] +  functions: eliminarUsuario: http://localhost:5001/alzargt/us-central1/eliminarUsuario
[info] +  functions: crearUsuario: http://localhost:5001/alzargt/us-central1/crearUsuario
[info] +  functions: eliminarCondomino: http://localhost:5001/alzargt/us-central1/eliminarCondomino
[info] +  functions: crearCondomino: http://localhost:5001/alzargt/us-central1/crearCondomino
[debug] [2018-05-31T21:06:47.690Z] ----------------------------------------------------------------------
[debug] [2018-05-31T21:06:47.692Z] Command:       C:\Program Files\nodejs\node.exe C:\Users\cifue\AppData\Roaming\npm\node_modules\firebase-tools\bin\firebase serve
[debug] [2018-05-31T21:06:47.693Z] CLI Version:   3.18.5
[debug] [2018-05-31T21:06:47.693Z] Platform:      win32
[debug] [2018-05-31T21:06:47.693Z] Node Version:  v8.11.2
[debug] [2018-05-31T21:06:47.694Z] Time:          Thu May 31 2018 15:06:47 GMT-0600 (Hora estándar, América Central)
[debug] [2018-05-31T21:06:47.694Z] ----------------------------------------------------------------------
[debug] 
[debug] [2018-05-31T21:06:47.777Z] > command requires scopes: ["email","openid","https://www.googleapis.com/auth/cloudplatformprojects.readonly","https://www.googleapis.com/auth/firebase","https://www.googleapis.com/auth/cloud-platform"]
[debug] [2018-05-31T21:06:47.778Z] > authorizing via signed-in user
[debug] [2018-05-31T21:06:47.783Z] > refreshing access token with scopes: ["email","https://www.googleapis.com/auth/cloud-platform","https://www.googleapis.com/auth/cloudplatformprojects.readonly","https://www.googleapis.com/auth/firebase","openid"]
[debug] [2018-05-31T21:06:47.783Z] >>> HTTP REQUEST POST https://www.googleapis.com/oauth2/v3/token  
 { refresh_token: '1/kL4p_NG_ecBju7G-tR05DznJa1R1LSHxPtPp_OtlmP8tUJ6ilYI-7TpMTVZbOosO',
  client_id: '563584335869-fgrhgmd47bqnekij5i8b5pr03ho849e6.apps.googleusercontent.com',
  client_secret: 'j9iVZfS8kkCEFUPaAeJV0sAi',
  grant_type: 'refresh_token',
  scope: 'email https://www.googleapis.com/auth/cloud-platform https://www.googleapis.com/auth/cloudplatformprojects.readonly https://www.googleapis.com/auth/firebase openid' } 
 Thu May 31 2018 15:06:47 GMT-0600 (Hora estándar, América Central)
[debug] [2018-05-31T21:06:48.198Z] <<< HTTP RESPONSE 200
[debug] [2018-05-31T21:06:48.237Z] >>> HTTP REQUEST GET https://admin.firebase.com/v1/projects/alzargt  
  
 Thu May 31 2018 15:06:48 GMT-0600 (Hora estándar, América Central)
[debug] [2018-05-31T21:06:48.984Z] <<< HTTP RESPONSE 200
[debug] [2018-05-31T21:06:48.986Z] >>> HTTP REQUEST GET https://admin.firebase.com/v1/database/alzargt/tokens  
  
 Thu May 31 2018 15:06:48 GMT-0600 (Hora estándar, América Central)
[debug] [2018-05-31T21:06:49.499Z] <<< HTTP RESPONSE 200
[debug] [2018-05-31T21:06:49.499Z] >>> HTTP REQUEST GET https://cloudresourcemanager.googleapis.com/v1/projects/alzargt  
  
 Thu May 31 2018 15:06:49 GMT-0600 (Hora estándar, América Central)
[debug] [2018-05-31T21:06:50.000Z] <<< HTTP RESPONSE 200
[info] 
[info] === Serving from 'C:\Users\cifue\Documents\AlzarAdmin'...
[info] 
[info] i  functions: Preparing to emulate functions.
[debug] [2018-05-31T21:06:57.365Z] Fetching environment
[debug] [2018-05-31T21:06:57.373Z] >>> HTTP REQUEST GET https://mobilesdk-pa.googleapis.com/v1/projects/105762378399:getServerAppConfig  
  
 Thu May 31 2018 15:06:57 GMT-0600 (Hora estándar, América Central)
[debug] [2018-05-31T21:06:57.375Z] >>> HTTP REQUEST GET https://mobilesdk-pa.googleapis.com/v1/projects/105762378399/clients/_:getWebAppConfig  
  
 Thu May 31 2018 15:06:57 GMT-0600 (Hora estándar, América Central)
[debug] [2018-05-31T21:06:57.897Z] <<< HTTP RESPONSE 200
[debug] [2018-05-31T21:06:57.898Z] Starting @google-cloud/functions-emulator
[debug] [2018-05-31T21:06:58.005Z] <<< HTTP RESPONSE 200
[info] i  hosting: Serving hosting files from: public
[info] +  hosting: Local server: http://localhost:5000

[debug] [2018-05-31T21:07:03.244Z] Parsing function triggers
[info] i  functions: No HTTPS functions found. Use firebase functions:shell if you would like to emulate other types of functions.
[info] i  functions: No HTTPS functions found. Use firebase functions:shell if you would like to emulate other types of functions.
[info] i  functions: No HTTPS functions found. Use firebase functions:shell if you would like to emulate other types of functions.
[info] i  functions: No HTTPS functions found. Use firebase functions:shell if you would like to emulate other types of functions.
[info] +  functions: enviarPush: http://localhost:5001/alzargt/us-central1/enviarPush
[info] +  functions: enviarCorreo: http://localhost:5001/alzargt/us-central1/enviarCorreo
[info] +  functions: cambiarContrasena: http://localhost:5001/alzargt/us-central1/cambiarContrasena
[info] +  functions: eliminarCondomino: http://localhost:5001/alzargt/us-central1/eliminarCondomino
[info] +  functions: crearUsuario: http://localhost:5001/alzargt/us-central1/crearUsuario
[info] +  functions: eliminarUsuario: http://localhost:5001/alzargt/us-central1/eliminarUsuario
[info] +  functions: crearCondomino: http://localhost:5001/alzargt/us-central1/crearCondomino
