[debug] [2017-12-18T18:57:52.270Z] ----------------------------------------------------------------------
[debug] [2017-12-18T18:57:52.273Z] Command:       /usr/local/bin/node /usr/local/bin/firebase serve
[debug] [2017-12-18T18:57:52.273Z] CLI Version:   3.10.0
[debug] [2017-12-18T18:57:52.273Z] Platform:      darwin
[debug] [2017-12-18T18:57:52.273Z] Node Version:  v7.2.0
[debug] [2017-12-18T18:57:52.274Z] Time:          Mon Dec 18 2017 12:57:52 GMT-0600 (CST)
[debug] [2017-12-18T18:57:52.274Z] ----------------------------------------------------------------------
[debug] 
[debug] [2017-12-18T18:57:52.294Z] > command requires scopes: ["email","openid","https://www.googleapis.com/auth/cloudplatformprojects.readonly","https://www.googleapis.com/auth/firebase","https://www.googleapis.com/auth/cloud-platform"]
[debug] [2017-12-18T18:57:52.295Z] > authorizing via signed-in user
[debug] [2017-12-18T18:57:52.297Z] > refreshing access token with scopes: ["email","https://www.googleapis.com/auth/cloud-platform","https://www.googleapis.com/auth/cloudplatformprojects.readonly","https://www.googleapis.com/auth/firebase","openid"]
[debug] [2017-12-18T18:57:52.297Z] >>> HTTP REQUEST POST https://www.googleapis.com/oauth2/v3/token { refresh_token: '1/UOPaTmXsKaj_b5nFXnW3tQhIvyaTrf3wNJOIO7ZkQbQ',
  client_id: '563584335869-fgrhgmd47bqnekij5i8b5pr03ho849e6.apps.googleusercontent.com',
  client_secret: 'j9iVZfS8kkCEFUPaAeJV0sAi',
  grant_type: 'refresh_token',
  scope: 'email https://www.googleapis.com/auth/cloud-platform https://www.googleapis.com/auth/cloudplatformprojects.readonly https://www.googleapis.com/auth/firebase openid' } 
 Mon Dec 18 2017 12:57:52 GMT-0600 (CST)
[debug] [2017-12-18T18:57:54.921Z] <<< HTTP RESPONSE 200
[debug] [2017-12-18T18:57:54.923Z] >>> HTTP REQUEST GET https://admin.firebase.com/v1/projects/alzargt  
 Mon Dec 18 2017 12:57:54 GMT-0600 (CST)
[debug] [2017-12-18T18:57:55.865Z] <<< HTTP RESPONSE 200
[debug] [2017-12-18T18:57:55.866Z] >>> HTTP REQUEST GET https://admin.firebase.com/v1/database/alzargt/tokens  
 Mon Dec 18 2017 12:57:55 GMT-0600 (CST)
[debug] [2017-12-18T18:58:01.382Z] <<< HTTP RESPONSE 500
[debug] [2017-12-18T18:58:01.383Z] <<< HTTP RESPONSE BODY
[error] 
[error] Error: HTTP Error: 500, An unknown error occurred. Please contact support.
[debug] [2017-12-18T18:58:02.038Z] Error Context: {
  "body": {
    "error": {
      "code": "UNKNOWN_ERROR",
      "message": "An unknown error occurred. Please contact support."
    }
  },
  "response": {
    "statusCode": 500,
    "body": {
      "error": {
        "code": "UNKNOWN_ERROR",
        "message": "An unknown error occurred. Please contact support."
      }
    },
    "headers": {
      "server": "nginx",
      "date": "Mon, 18 Dec 2017 18:58:02 GMT",
      "content-type": "application/json; charset=utf-8",
      "content-length": "97",
      "connection": "close",
      "x-content-type-options": "nosniff"
    },
    "request": {
      "uri": {
        "protocol": "https:",
        "slashes": true,
        "auth": null,
        "host": "admin.firebase.com",
        "port": 443,
        "hostname": "admin.firebase.com",
        "hash": null,
        "search": null,
        "query": null,
        "pathname": "/v1/database/alzargt/tokens",
        "path": "/v1/database/alzargt/tokens",
        "href": "https://admin.firebase.com/v1/database/alzargt/tokens"
      },
      "method": "GET"
    }
  }
}
[debug] [2017-12-18T18:58:18.182Z] ----------------------------------------------------------------------
[debug] [2017-12-18T18:58:18.185Z] Command:       /usr/local/bin/node /usr/local/bin/firebase serve
[debug] [2017-12-18T18:58:18.185Z] CLI Version:   3.10.0
[debug] [2017-12-18T18:58:18.185Z] Platform:      darwin
[debug] [2017-12-18T18:58:18.185Z] Node Version:  v7.2.0
[debug] [2017-12-18T18:58:18.185Z] Time:          Mon Dec 18 2017 12:58:18 GMT-0600 (CST)
[debug] [2017-12-18T18:58:18.185Z] ----------------------------------------------------------------------
[debug] 
[debug] [2017-12-18T18:58:18.204Z] > command requires scopes: ["email","openid","https://www.googleapis.com/auth/cloudplatformprojects.readonly","https://www.googleapis.com/auth/firebase","https://www.googleapis.com/auth/cloud-platform"]
[debug] [2017-12-18T18:58:18.205Z] > authorizing via signed-in user
[debug] [2017-12-18T18:58:18.209Z] >>> HTTP REQUEST GET https://admin.firebase.com/v1/projects/alzargt  
 Mon Dec 18 2017 12:58:18 GMT-0600 (CST)
[debug] [2017-12-18T18:58:19.278Z] <<< HTTP RESPONSE 200
[debug] [2017-12-18T18:58:19.279Z] >>> HTTP REQUEST GET https://admin.firebase.com/v1/database/alzargt/tokens  
 Mon Dec 18 2017 12:58:19 GMT-0600 (CST)
[debug] [2017-12-18T18:58:20.378Z] <<< HTTP RESPONSE 200
[info] 
[info] === Serving from '/Users/Mieguel/Library/Mobile Documents/com~apple~CloudDocs/alzar/web'...
[info] 
[debug] [2017-12-18T18:58:20.382Z] >>> HTTP REQUEST GET https://cloudresourcemanager.googleapis.com/v1/projects/alzargt  
 Mon Dec 18 2017 12:58:20 GMT-0600 (CST)
[debug] [2017-12-18T18:58:21.037Z] <<< HTTP RESPONSE 200
[debug] [2017-12-18T18:58:21.038Z] >>> HTTP REQUEST GET https://mobilesdk-pa.googleapis.com/v1/projects/105762378399/clients/_:getWebAppConfig  
 Mon Dec 18 2017 12:58:21 GMT-0600 (CST)
[debug] [2017-12-18T18:58:21.766Z] <<< HTTP RESPONSE 200
[info] i  hosting: Serving hosting files from: public
[info] ✔  hosting: Local server: http://localhost:5000

