[debug] [2017-12-11T15:54:07.556Z] ----------------------------------------------------------------------
[debug] [2017-12-11T15:54:07.560Z] Command:       /usr/local/Cellar/node/8.2.1/bin/node /usr/local/bin/firebase serve
[debug] [2017-12-11T15:54:07.560Z] CLI Version:   3.13.0
[debug] [2017-12-11T15:54:07.560Z] Platform:      darwin
[debug] [2017-12-11T15:54:07.560Z] Node Version:  v8.2.1
[debug] [2017-12-11T15:54:07.560Z] Time:          Mon Dec 11 2017 09:54:07 GMT-0600 (CST)
[debug] [2017-12-11T15:54:07.561Z] ----------------------------------------------------------------------
[debug] 
[debug] [2017-12-11T15:54:07.599Z] > command requires scopes: ["email","openid","https://www.googleapis.com/auth/cloudplatformprojects.readonly","https://www.googleapis.com/auth/firebase","https://www.googleapis.com/auth/cloud-platform"]
[debug] [2017-12-11T15:54:07.600Z] > authorizing via signed-in user
[debug] [2017-12-11T15:54:07.602Z] > refreshing access token with scopes: ["email","https://www.googleapis.com/auth/cloud-platform","https://www.googleapis.com/auth/cloudplatformprojects.readonly","https://www.googleapis.com/auth/firebase","openid"]
[debug] [2017-12-11T15:54:07.602Z] >>> HTTP REQUEST POST https://www.googleapis.com/oauth2/v3/token { refresh_token: '1/boX4rZNpgSz-5IzKweqeIN8Th8oQpBS92s6CXaSm-CdlfT5BN1FYw_egbQ2RUUy1',
  client_id: '563584335869-fgrhgmd47bqnekij5i8b5pr03ho849e6.apps.googleusercontent.com',
  client_secret: 'j9iVZfS8kkCEFUPaAeJV0sAi',
  grant_type: 'refresh_token',
  scope: 'email https://www.googleapis.com/auth/cloud-platform https://www.googleapis.com/auth/cloudplatformprojects.readonly https://www.googleapis.com/auth/firebase openid' } 
 Mon Dec 11 2017 09:54:07 GMT-0600 (CST)
[debug] [2017-12-11T15:54:10.234Z] <<< HTTP RESPONSE 200
[debug] [2017-12-11T15:54:10.247Z] >>> HTTP REQUEST GET https://admin.firebase.com/v1/projects/alzargt  
 Mon Dec 11 2017 09:54:10 GMT-0600 (CST)
[debug] [2017-12-11T15:54:13.388Z] <<< HTTP RESPONSE 200
[debug] [2017-12-11T15:54:13.389Z] >>> HTTP REQUEST GET https://admin.firebase.com/v1/database/alzargt/tokens  
 Mon Dec 11 2017 09:54:13 GMT-0600 (CST)
[debug] [2017-12-11T15:54:14.891Z] <<< HTTP RESPONSE 200
[info] 
[info] === Serving from '/Users/migueleduardoleoncioavalos/Library/Mobile Documents/com~apple~CloudDocs/alzar/web'...
[info] 
[debug] [2017-12-11T15:54:14.895Z] >>> HTTP REQUEST GET https://cloudresourcemanager.googleapis.com/v1/projects/alzargt  
 Mon Dec 11 2017 09:54:14 GMT-0600 (CST)
[debug] [2017-12-11T15:54:17.519Z] <<< HTTP RESPONSE 200
[debug] [2017-12-11T15:54:17.520Z] >>> HTTP REQUEST GET https://mobilesdk-pa.googleapis.com/v1/projects/105762378399/clients/_:getWebAppConfig  
 Mon Dec 11 2017 09:54:17 GMT-0600 (CST)
[debug] [2017-12-11T15:54:20.099Z] <<< HTTP RESPONSE 200
[info] i  hosting: Serving hosting files from: public
[info] ✔  hosting: Local server: http://localhost:5000

